<?xml version="1.0" encoding="UTF-8"?>
<!-- Generated by org.testng.reporters.JUnitReportReporter -->
<testsuite hostname="ARPGL002607" failures="0" tests="2" name="com.practice.test.loginTest" time="13.942" errors="0" timestamp="2022-04-02T12:25:19 IST" skipped="0">
  <testcase classname="com.practice.test.loginTest" name="login" time="7.881"/>
  <system-out/>
  <testcase classname="com.practice.test.loginTest" name="credantial" time="6.061"/>
  <system-out/>
</testsuite> <!-- com.practice.test.loginTest -->
